<?xml version="1.0" encoding="UTF-8"?>
<testsuite name="com.revature.Testcases.AccountServiceTest" tests="8" skipped="0" failures="0" errors="0" timestamp="2022-03-16T16:32:44" hostname="DESKTOP-VKFA5UJ" time="4.872">
  <properties/>
  <testcase name="test_getAllAccountsByClientidAndAcctid()" classname="com.revature.Testcases.AccountServiceTest" time="4.705"/>
  <testcase name="test_getAllAccountsByClientid_InvalidId()" classname="com.revature.Testcases.AccountServiceTest" time="0.006"/>
  <testcase name="test_getAllAccounts_withqueryparameter()" classname="com.revature.Testcases.AccountServiceTest" time="0.006"/>
  <testcase name="delete_Account()" classname="com.revature.Testcases.AccountServiceTest" time="0.007"/>
  <testcase name="test_UpdateAcounts()" classname="com.revature.Testcases.AccountServiceTest" time="0.024"/>
  <testcase name="test_addAccounts()" classname="com.revature.Testcases.AccountServiceTest" time="0.024"/>
  <testcase name="test_getAllAccountsByClientid()" classname="com.revature.Testcases.AccountServiceTest" time="0.012"/>
  <testcase name="test_getAllAccountsByClientid_clientNotFound()" classname="com.revature.Testcases.AccountServiceTest" time="0.057"/>
  <system-out><![CDATA[12:32:48,331 |-INFO in ch.qos.logback.classic.LoggerContext[default] - Could NOT find resource [logback-test.xml]
12:32:48,332 |-INFO in ch.qos.logback.classic.LoggerContext[default] - Found resource [logback.xml] at [file:/D:/FullstackTraining/PROJECT-0/BankApp/build/resources/main/logback.xml]
12:32:48,782 |-INFO in ch.qos.logback.classic.joran.action.ConfigurationAction - debug attribute not set
12:32:48,784 |-INFO in ch.qos.logback.core.joran.action.AppenderAction - About to instantiate appender of type [ch.qos.logback.core.ConsoleAppender]
12:32:48,825 |-INFO in ch.qos.logback.core.joran.action.AppenderAction - Naming appender as [myConsoleAppender]
12:32:48,863 |-INFO in ch.qos.logback.core.joran.action.NestedComplexPropertyIA - Assuming default type [ch.qos.logback.classic.encoder.PatternLayoutEncoder] for [encoder] property
12:32:49,068 |-INFO in ch.qos.logback.core.joran.action.AppenderAction - About to instantiate appender of type [ch.qos.logback.core.FileAppender]
12:32:49,092 |-INFO in ch.qos.logback.core.joran.action.AppenderAction - Naming appender as [MyFileAppender]
12:32:49,093 |-INFO in ch.qos.logback.core.joran.action.NestedComplexPropertyIA - Assuming default type [ch.qos.logback.classic.encoder.PatternLayoutEncoder] for [encoder] property
12:32:49,095 |-INFO in ch.qos.logback.core.FileAppender[MyFileAppender] - File property is set to [Mylogfile.log]
12:32:49,100 |-INFO in ch.qos.logback.classic.joran.action.RootLoggerAction - Setting level of ROOT logger to INFO
12:32:49,100 |-INFO in ch.qos.logback.core.joran.action.AppenderRefAction - Attaching appender named [myConsoleAppender] to Logger[ROOT]
12:32:49,105 |-ERROR in ch.qos.logback.core.joran.action.AppenderRefAction - Could not find an appender named [myFileAppender]. Did you define it below instead of above in the configuration file?
12:32:49,105 |-ERROR in ch.qos.logback.core.joran.action.AppenderRefAction - See http://logback.qos.ch/codes.html#appender_order for more details.
12:32:49,105 |-INFO in ch.qos.logback.classic.joran.action.ConfigurationAction - End of configuration.
12:32:49,109 |-INFO in ch.qos.logback.classic.joran.JoranConfigurator@49f6f966 - Registering current configuration as safe fallback point

]]></system-out>
  <system-err><![CDATA[]]></system-err>
</testsuite>
