<?xml version="1.0" encoding="UTF-8"?>
<testsuite name="com.revature.Testcases.ClientServiceTest" tests="17" skipped="0" failures="0" errors="0" timestamp="2022-03-16T16:32:49" hostname="DESKTOP-VKFA5UJ" time="0.222">
  <properties/>
  <testcase name="test_validateClient_LastnameWithInvalidcharacters()" classname="com.revature.Testcases.ClientServiceTest" time="0.002"/>
  <testcase name="test_validateClient_EmptyFirstname()" classname="com.revature.Testcases.ClientServiceTest" time="0.01"/>
  <testcase name="test_getClientById_clientNotFound()" classname="com.revature.Testcases.ClientServiceTest" time="0.004"/>
  <testcase name="testgetAllClients()" classname="com.revature.Testcases.ClientServiceTest" time="0.003"/>
  <testcase name="test_addClient()" classname="com.revature.Testcases.ClientServiceTest" time="0.003"/>
  <testcase name="testgetClientByIdPositive()" classname="com.revature.Testcases.ClientServiceTest" time="0.003"/>
  <testcase name="test_deletewithInvalidId()" classname="com.revature.Testcases.ClientServiceTest" time="0.016"/>
  <testcase name="test_validateClient_WithLeadingAndTrailingFirstAndLastName()" classname="com.revature.Testcases.ClientServiceTest" time="0.01"/>
  <testcase name="test_validateClient_FirstnameWithInvalidcharacters()" classname="com.revature.Testcases.ClientServiceTest" time="0.003"/>
  <testcase name="test_getClientInvalidId()" classname="com.revature.Testcases.ClientServiceTest" time="0.002"/>
  <testcase name="test_deletewithIdNotFound()" classname="com.revature.Testcases.ClientServiceTest" time="0.028"/>
  <testcase name="test_updateClient_EmptyLastname()" classname="com.revature.Testcases.ClientServiceTest" time="0.003"/>
  <testcase name="test_deleteClientPositive()" classname="com.revature.Testcases.ClientServiceTest" time="0.029"/>
  <testcase name="test_validateClient_NeagativeAge()" classname="com.revature.Testcases.ClientServiceTest" time="0.017"/>
  <testcase name="test_updatedateClient_EmptyFirstname()" classname="com.revature.Testcases.ClientServiceTest" time="0.005"/>
  <testcase name="test_validateClient_EmptyLastname()" classname="com.revature.Testcases.ClientServiceTest" time="0.003"/>
  <testcase name="test_UpdateClient()" classname="com.revature.Testcases.ClientServiceTest" time="0.01"/>
  <system-out><![CDATA[]]></system-out>
  <system-err><![CDATA[]]></system-err>
</testsuite>
