<?xml version="1.0" encoding="UTF-8"?>
<testsuite name="com.revature.Testcases.ClientServiceTest" tests="17" skipped="0" failures="0" errors="0" timestamp="2022-03-14T17:54:36" hostname="DESKTOP-VKFA5UJ" time="1.277">
  <properties/>
  <testcase name="test_validateClient_LastnameWithInvalidcharacters()" classname="com.revature.Testcases.ClientServiceTest" time="1.135"/>
  <testcase name="test_validateClient_EmptyFirstname()" classname="com.revature.Testcases.ClientServiceTest" time="0.006"/>
  <testcase name="test_getClientById_clientNotFound()" classname="com.revature.Testcases.ClientServiceTest" time="0.024"/>
  <testcase name="testgetAllClients()" classname="com.revature.Testcases.ClientServiceTest" time="0.024"/>
  <testcase name="test_addClient()" classname="com.revature.Testcases.ClientServiceTest" time="0.006"/>
  <testcase name="testgetClientByIdPositive()" classname="com.revature.Testcases.ClientServiceTest" time="0.003"/>
  <testcase name="test_deletewithInvalidId()" classname="com.revature.Testcases.ClientServiceTest" time="0.004"/>
  <testcase name="test_validateClient_WithLeadingAndTrailingFirstAndLastName()" classname="com.revature.Testcases.ClientServiceTest" time="0.003"/>
  <testcase name="test_validateClient_FirstnameWithInvalidcharacters()" classname="com.revature.Testcases.ClientServiceTest" time="0.004"/>
  <testcase name="test_getClientInvalidId()" classname="com.revature.Testcases.ClientServiceTest" time="0.002"/>
  <testcase name="test_deletewithIdNotFound()" classname="com.revature.Testcases.ClientServiceTest" time="0.01"/>
  <testcase name="test_updateClient_EmptyLastname()" classname="com.revature.Testcases.ClientServiceTest" time="0.009"/>
  <testcase name="test_deleteClientPositive()" classname="com.revature.Testcases.ClientServiceTest" time="0.007"/>
  <testcase name="test_validateClient_NeagativeAge()" classname="com.revature.Testcases.ClientServiceTest" time="0.004"/>
  <testcase name="test_updatedateClient_EmptyFirstname()" classname="com.revature.Testcases.ClientServiceTest" time="0.003"/>
  <testcase name="test_validateClient_EmptyLastname()" classname="com.revature.Testcases.ClientServiceTest" time="0.002"/>
  <testcase name="test_UpdateClient()" classname="com.revature.Testcases.ClientServiceTest" time="0.004"/>
  <system-out><![CDATA[13:54:37,364 |-INFO in ch.qos.logback.classic.LoggerContext[default] - Could NOT find resource [logback-test.xml]
13:54:37,364 |-INFO in ch.qos.logback.classic.LoggerContext[default] - Found resource [logback.xml] at [file:/D:/FullstackTraining/PROJECT-0/BankApp/build/resources/main/logback.xml]
13:54:37,494 |-INFO in ch.qos.logback.classic.joran.action.ConfigurationAction - debug attribute not set
13:54:37,495 |-INFO in ch.qos.logback.core.joran.action.AppenderAction - About to instantiate appender of type [ch.qos.logback.core.ConsoleAppender]
13:54:37,503 |-INFO in ch.qos.logback.core.joran.action.AppenderAction - Naming appender as [myConsoleAppender]
13:54:37,510 |-INFO in ch.qos.logback.core.joran.action.NestedComplexPropertyIA - Assuming default type [ch.qos.logback.classic.encoder.PatternLayoutEncoder] for [encoder] property
13:54:37,539 |-INFO in ch.qos.logback.core.joran.action.AppenderAction - About to instantiate appender of type [ch.qos.logback.core.FileAppender]
13:54:37,542 |-INFO in ch.qos.logback.core.joran.action.AppenderAction - Naming appender as [MyFileAppender]
13:54:37,543 |-INFO in ch.qos.logback.core.joran.action.NestedComplexPropertyIA - Assuming default type [ch.qos.logback.classic.encoder.PatternLayoutEncoder] for [encoder] property
13:54:37,543 |-INFO in ch.qos.logback.core.FileAppender[MyFileAppender] - File property is set to [Mylogfile.log]
13:54:37,545 |-INFO in ch.qos.logback.classic.joran.action.RootLoggerAction - Setting level of ROOT logger to INFO
13:54:37,545 |-INFO in ch.qos.logback.core.joran.action.AppenderRefAction - Attaching appender named [myConsoleAppender] to Logger[ROOT]
13:54:37,546 |-ERROR in ch.qos.logback.core.joran.action.AppenderRefAction - Could not find an appender named [myFileAppender]. Did you define it below instead of above in the configuration file?
13:54:37,546 |-ERROR in ch.qos.logback.core.joran.action.AppenderRefAction - See http://logback.qos.ch/codes.html#appender_order for more details.
13:54:37,546 |-INFO in ch.qos.logback.classic.joran.action.ConfigurationAction - End of configuration.
13:54:37,547 |-INFO in ch.qos.logback.classic.joran.JoranConfigurator@9d44edb - Registering current configuration as safe fallback point

]]></system-out>
  <system-err><![CDATA[]]></system-err>
</testsuite>
