<?xml version="1.0" encoding="UTF-8"?>
<testsuite name="com.revature.Testcases.ConnectionUtilityTest" tests="1" skipped="0" failures="0" errors="0" timestamp="2022-03-16T16:32:49" hostname="DESKTOP-VKFA5UJ" time="1.894">
  <properties/>
  <testcase name="test_getConnection()" classname="com.revature.Testcases.ConnectionUtilityTest" time="1.894"/>
  <system-out><![CDATA[]]></system-out>
  <system-err><![CDATA[]]></system-err>
</testsuite>
