<?xml version="1.0" encoding="UTF-8"?>
<testsuite name="com.revature.Testcases.AccountServiceTest" tests="8" skipped="0" failures="0" errors="0" timestamp="2022-03-27T04:34:56" hostname="DESKTOP-VKFA5UJ" time="1.803">
  <properties/>
  <testcase name="test_getAllAccountsByClientidAndAcctid()" classname="com.revature.Testcases.AccountServiceTest" time="1.777"/>
  <testcase name="test_getAllAccountsByClientid_InvalidId()" classname="com.revature.Testcases.AccountServiceTest" time="0.002"/>
  <testcase name="test_getAllAccounts_withqueryparameter()" classname="com.revature.Testcases.AccountServiceTest" time="0.003"/>
  <testcase name="delete_Account()" classname="com.revature.Testcases.AccountServiceTest" time="0.003"/>
  <testcase name="test_UpdateAcounts()" classname="com.revature.Testcases.AccountServiceTest" time="0.003"/>
  <testcase name="test_addAccounts()" classname="com.revature.Testcases.AccountServiceTest" time="0.002"/>
  <testcase name="test_getAllAccountsByClientid()" classname="com.revature.Testcases.AccountServiceTest" time="0.002"/>
  <testcase name="test_getAllAccountsByClientid_clientNotFound()" classname="com.revature.Testcases.AccountServiceTest" time="0.002"/>
  <system-out><![CDATA[00:34:57,550 |-INFO in ch.qos.logback.classic.LoggerContext[default] - Could NOT find resource [logback-test.xml]
00:34:57,550 |-INFO in ch.qos.logback.classic.LoggerContext[default] - Found resource [logback.xml] at [file:/D:/FullstackTraining/PROJECT-0/BankApp/build/resources/main/logback.xml]
00:34:57,823 |-INFO in ch.qos.logback.classic.joran.action.ConfigurationAction - debug attribute not set
00:34:57,824 |-INFO in ch.qos.logback.core.joran.action.AppenderAction - About to instantiate appender of type [ch.qos.logback.core.ConsoleAppender]
00:34:57,834 |-INFO in ch.qos.logback.core.joran.action.AppenderAction - Naming appender as [myConsoleAppender]
00:34:57,844 |-INFO in ch.qos.logback.core.joran.action.NestedComplexPropertyIA - Assuming default type [ch.qos.logback.classic.encoder.PatternLayoutEncoder] for [encoder] property
00:34:57,894 |-INFO in ch.qos.logback.core.joran.action.AppenderAction - About to instantiate appender of type [ch.qos.logback.core.FileAppender]
00:34:57,897 |-INFO in ch.qos.logback.core.joran.action.AppenderAction - Naming appender as [MyFileAppender]
00:34:57,898 |-INFO in ch.qos.logback.core.joran.action.NestedComplexPropertyIA - Assuming default type [ch.qos.logback.classic.encoder.PatternLayoutEncoder] for [encoder] property
00:34:57,898 |-INFO in ch.qos.logback.core.FileAppender[MyFileAppender] - File property is set to [Mylogfile.log]
00:34:57,900 |-INFO in ch.qos.logback.classic.joran.action.RootLoggerAction - Setting level of ROOT logger to INFO
00:34:57,900 |-INFO in ch.qos.logback.core.joran.action.AppenderRefAction - Attaching appender named [myConsoleAppender] to Logger[ROOT]
00:34:57,902 |-ERROR in ch.qos.logback.core.joran.action.AppenderRefAction - Could not find an appender named [myFileAppender]. Did you define it below instead of above in the configuration file?
00:34:57,902 |-ERROR in ch.qos.logback.core.joran.action.AppenderRefAction - See http://logback.qos.ch/codes.html#appender_order for more details.
00:34:57,902 |-INFO in ch.qos.logback.classic.joran.action.ConfigurationAction - End of configuration.
00:34:57,903 |-INFO in ch.qos.logback.classic.joran.JoranConfigurator@5a7005d - Registering current configuration as safe fallback point

]]></system-out>
  <system-err><![CDATA[]]></system-err>
</testsuite>
